mode: cover
github.com/cloudfoundry-community/splunk-firehose-nozzle/auth/token_fetcher.go:17.78,21.2 1 3
github.com/cloudfoundry-community/splunk-firehose-nozzle/auth/token_fetcher.go:23.66,25.16 2 3
github.com/cloudfoundry-community/splunk-firehose-nozzle/auth/token_fetcher.go:25.16,27.3 1 1
github.com/cloudfoundry-community/splunk-firehose-nozzle/auth/token_fetcher.go:27.3,27.24 1 2
github.com/cloudfoundry-community/splunk-firehose-nozzle/auth/token_fetcher.go:27.24,29.3 1 1
github.com/cloudfoundry-community/splunk-firehose-nozzle/auth/token_fetcher.go:29.3,31.3 1 1
github.com/cloudfoundry-community/splunk-firehose-nozzle/caching/caching_emtpy.go:5.32,7.2 1 0
github.com/cloudfoundry-community/splunk-firehose-nozzle/caching/caching_emtpy.go:9.37,11.2 1 0
github.com/cloudfoundry-community/splunk-firehose-nozzle/caching/caching_emtpy.go:13.38,15.2 1 0
github.com/cloudfoundry-community/splunk-firehose-nozzle/caching/caching_emtpy.go:17.62,19.2 1 0
github.com/cloudfoundry-community/splunk-firehose-nozzle/caching/caching_emtpy.go:21.61,23.2 1 0
github.com/cloudfoundry-community/splunk-firehose-nozzle/caching/caching.go:34.41,37.2 2 0
github.com/cloudfoundry-community/splunk-firehose-nozzle/caching/caching_boltdb.go:36.88,42.2 1 9
github.com/cloudfoundry-community/splunk-firehose-nozzle/caching/caching_boltdb.go:44.36,47.16 2 9
github.com/cloudfoundry-community/splunk-firehose-nozzle/caching/caching_boltdb.go:51.2,53.41 2 8
github.com/cloudfoundry-community/splunk-firehose-nozzle/caching/caching_boltdb.go:58.2,58.53 1 8
github.com/cloudfoundry-community/splunk-firehose-nozzle/caching/caching_boltdb.go:62.2,62.32 1 8
github.com/cloudfoundry-community/splunk-firehose-nozzle/caching/caching_boltdb.go:69.2,69.26 1 8
github.com/cloudfoundry-community/splunk-firehose-nozzle/caching/caching_boltdb.go:47.16,50.3 2 1
github.com/cloudfoundry-community/splunk-firehose-nozzle/caching/caching_boltdb.go:53.41,56.3 2 0
github.com/cloudfoundry-community/splunk-firehose-nozzle/caching/caching_boltdb.go:58.53,60.3 1 8
github.com/cloudfoundry-community/splunk-firehose-nozzle/caching/caching_boltdb.go:62.32,64.17 2 8
github.com/cloudfoundry-community/splunk-firehose-nozzle/caching/caching_boltdb.go:64.17,66.4 1 0
github.com/cloudfoundry-community/splunk-firehose-nozzle/caching/caching_boltdb.go:72.45,74.16 2 8
github.com/cloudfoundry-community/splunk-firehose-nozzle/caching/caching_boltdb.go:78.2,78.20 1 8
github.com/cloudfoundry-community/splunk-firehose-nozzle/caching/caching_boltdb.go:86.2,88.12 2 8
github.com/cloudfoundry-community/splunk-firehose-nozzle/caching/caching_boltdb.go:74.16,76.3 1 0
github.com/cloudfoundry-community/splunk-firehose-nozzle/caching/caching_boltdb.go:78.20,81.17 2 7
github.com/cloudfoundry-community/splunk-firehose-nozzle/caching/caching_boltdb.go:81.17,83.4 1 0
github.com/cloudfoundry-community/splunk-firehose-nozzle/caching/caching_boltdb.go:91.37,98.2 3 7
github.com/cloudfoundry-community/splunk-firehose-nozzle/caching/caching_boltdb.go:108.60,110.37 2 4
github.com/cloudfoundry-community/splunk-firehose-nozzle/caching/caching_boltdb.go:115.2,117.60 2 3
github.com/cloudfoundry-community/splunk-firehose-nozzle/caching/caching_boltdb.go:122.2,123.16 2 2
github.com/cloudfoundry-community/splunk-firehose-nozzle/caching/caching_boltdb.go:131.2,135.17 4 1
github.com/cloudfoundry-community/splunk-firehose-nozzle/caching/caching_boltdb.go:110.37,114.3 2 1
github.com/cloudfoundry-community/splunk-firehose-nozzle/caching/caching_boltdb.go:117.60,119.3 1 1
github.com/cloudfoundry-community/splunk-firehose-nozzle/caching/caching_boltdb.go:123.16,124.33 1 1
github.com/cloudfoundry-community/splunk-firehose-nozzle/caching/caching_boltdb.go:127.3,127.18 1 1
github.com/cloudfoundry-community/splunk-firehose-nozzle/caching/caching_boltdb.go:124.33,126.4 1 1
github.com/cloudfoundry-community/splunk-firehose-nozzle/caching/caching_boltdb.go:139.61,142.30 3 3
github.com/cloudfoundry-community/splunk-firehose-nozzle/caching/caching_boltdb.go:146.2,148.18 2 3
github.com/cloudfoundry-community/splunk-firehose-nozzle/caching/caching_boltdb.go:142.30,145.3 2 31
github.com/cloudfoundry-community/splunk-firehose-nozzle/caching/caching_boltdb.go:152.71,154.39 2 8
github.com/cloudfoundry-community/splunk-firehose-nozzle/caching/caching_boltdb.go:163.2,164.25 2 8
github.com/cloudfoundry-community/splunk-firehose-nozzle/caching/caching_boltdb.go:173.2,173.18 1 8
github.com/cloudfoundry-community/splunk-firehose-nozzle/caching/caching_boltdb.go:154.39,156.47 2 8
github.com/cloudfoundry-community/splunk-firehose-nozzle/caching/caching_boltdb.go:160.3,160.13 1 8
github.com/cloudfoundry-community/splunk-firehose-nozzle/caching/caching_boltdb.go:156.47,159.4 2 10
github.com/cloudfoundry-community/splunk-firehose-nozzle/caching/caching_boltdb.go:164.25,167.17 3 10
github.com/cloudfoundry-community/splunk-firehose-nozzle/caching/caching_boltdb.go:170.3,170.24 1 10
github.com/cloudfoundry-community/splunk-firehose-nozzle/caching/caching_boltdb.go:167.17,169.4 1 0
github.com/cloudfoundry-community/splunk-firehose-nozzle/caching/caching_boltdb.go:176.71,180.16 3 8
github.com/cloudfoundry-community/splunk-firehose-nozzle/caching/caching_boltdb.go:184.2,185.24 2 8
github.com/cloudfoundry-community/splunk-firehose-nozzle/caching/caching_boltdb.go:191.2,194.18 3 8
github.com/cloudfoundry-community/splunk-firehose-nozzle/caching/caching_boltdb.go:180.16,182.3 1 0
github.com/cloudfoundry-community/splunk-firehose-nozzle/caching/caching_boltdb.go:185.24,189.3 3 81
github.com/cloudfoundry-community/splunk-firehose-nozzle/caching/caching_boltdb.go:197.44,198.48 1 8
github.com/cloudfoundry-community/splunk-firehose-nozzle/caching/caching_boltdb.go:198.48,200.17 2 8
github.com/cloudfoundry-community/splunk-firehose-nozzle/caching/caching_boltdb.go:203.3,203.13 1 8
github.com/cloudfoundry-community/splunk-firehose-nozzle/caching/caching_boltdb.go:200.17,202.4 1 0
github.com/cloudfoundry-community/splunk-firehose-nozzle/caching/caching_boltdb.go:207.71,208.48 1 8
github.com/cloudfoundry-community/splunk-firehose-nozzle/caching/caching_boltdb.go:216.2,216.16 1 8
github.com/cloudfoundry-community/splunk-firehose-nozzle/caching/caching_boltdb.go:220.2,221.12 2 8
github.com/cloudfoundry-community/splunk-firehose-nozzle/caching/caching_boltdb.go:241.2,241.12 1 8
github.com/cloudfoundry-community/splunk-firehose-nozzle/caching/caching_boltdb.go:208.48,210.17 2 8
github.com/cloudfoundry-community/splunk-firehose-nozzle/caching/caching_boltdb.go:213.3,213.13 1 8
github.com/cloudfoundry-community/splunk-firehose-nozzle/caching/caching_boltdb.go:210.17,212.4 1 0
github.com/cloudfoundry-community/splunk-firehose-nozzle/caching/caching_boltdb.go:216.16,218.3 1 0
github.com/cloudfoundry-community/splunk-firehose-nozzle/caching/caching_boltdb.go:221.12,225.7 3 8
github.com/cloudfoundry-community/splunk-firehose-nozzle/caching/caching_boltdb.go:225.7,226.11 1 9
github.com/cloudfoundry-community/splunk-firehose-nozzle/caching/caching_boltdb.go:227.20,228.44 1 1
github.com/cloudfoundry-community/splunk-firehose-nozzle/caching/caching_boltdb.go:235.21,236.11 1 7
github.com/cloudfoundry-community/splunk-firehose-nozzle/caching/caching_boltdb.go:228.44,230.20 2 1
github.com/cloudfoundry-community/splunk-firehose-nozzle/caching/caching_boltdb.go:233.6,233.16 1 1
github.com/cloudfoundry-community/splunk-firehose-nozzle/caching/caching_boltdb.go:230.20,232.7 1 0
github.com/cloudfoundry-community/splunk-firehose-nozzle/caching/caching_boltdb.go:246.41,250.12 3 8
github.com/cloudfoundry-community/splunk-firehose-nozzle/caching/caching_boltdb.go:250.12,253.7 2 8
github.com/cloudfoundry-community/splunk-firehose-nozzle/caching/caching_boltdb.go:253.7,254.11 1 9
github.com/cloudfoundry-community/splunk-firehose-nozzle/caching/caching_boltdb.go:255.20,258.19 2 1
github.com/cloudfoundry-community/splunk-firehose-nozzle/caching/caching_boltdb.go:263.21,264.11 1 7
github.com/cloudfoundry-community/splunk-firehose-nozzle/caching/caching_boltdb.go:258.19,262.6 3 1
github.com/cloudfoundry-community/splunk-firehose-nozzle/caching/caching_boltdb.go:270.58,271.27 1 9
github.com/cloudfoundry-community/splunk-firehose-nozzle/caching/caching_boltdb.go:271.27,272.42 1 82
github.com/cloudfoundry-community/splunk-firehose-nozzle/caching/caching_boltdb.go:272.42,274.18 2 82
github.com/cloudfoundry-community/splunk-firehose-nozzle/caching/caching_boltdb.go:278.4,279.61 2 82
github.com/cloudfoundry-community/splunk-firehose-nozzle/caching/caching_boltdb.go:282.4,282.14 1 82
github.com/cloudfoundry-community/splunk-firehose-nozzle/caching/caching_boltdb.go:274.18,276.5 1 0
github.com/cloudfoundry-community/splunk-firehose-nozzle/caching/caching_boltdb.go:279.61,281.5 1 0
github.com/cloudfoundry-community/splunk-firehose-nozzle/caching/caching_boltdb.go:287.58,297.2 1 82
github.com/cloudfoundry-community/splunk-firehose-nozzle/caching/caching_boltdb.go:299.70,301.16 2 2
github.com/cloudfoundry-community/splunk-firehose-nozzle/caching/caching_boltdb.go:305.2,308.17 3 1
github.com/cloudfoundry-community/splunk-firehose-nozzle/caching/caching_boltdb.go:301.16,303.3 1 1
github.com/cloudfoundry-community/splunk-firehose-nozzle/caching/caching_boltdb.go:311.58,314.39 2 3
github.com/cloudfoundry-community/splunk-firehose-nozzle/caching/caching_boltdb.go:324.2,324.17 1 3
github.com/cloudfoundry-community/splunk-firehose-nozzle/caching/caching_boltdb.go:314.39,316.15 2 3
github.com/cloudfoundry-community/splunk-firehose-nozzle/caching/caching_boltdb.go:320.3,321.13 2 3
github.com/cloudfoundry-community/splunk-firehose-nozzle/caching/caching_boltdb.go:316.15,318.4 1 0
github.com/cloudfoundry-community/splunk-firehose-nozzle/caching/caching_boltdb.go:327.62,328.48 1 1
github.com/cloudfoundry-community/splunk-firehose-nozzle/caching/caching_boltdb.go:328.48,330.17 2 1
github.com/cloudfoundry-community/splunk-firehose-nozzle/caching/caching_boltdb.go:333.3,335.17 2 1
github.com/cloudfoundry-community/splunk-firehose-nozzle/caching/caching_boltdb.go:338.3,338.13 1 1
github.com/cloudfoundry-community/splunk-firehose-nozzle/caching/caching_boltdb.go:330.17,332.4 1 0
github.com/cloudfoundry-community/splunk-firehose-nozzle/caching/caching_boltdb.go:335.17,337.4 1 0
github.com/cloudfoundry-community/splunk-firehose-nozzle/caching/caching_boltdb.go:342.68,343.67 1 82
github.com/cloudfoundry-community/splunk-firehose-nozzle/caching/caching_boltdb.go:346.2,346.14 1 82
github.com/cloudfoundry-community/splunk-firehose-nozzle/caching/caching_boltdb.go:343.67,345.3 1 0
github.com/cloudfoundry-community/splunk-firehose-nozzle/caching/caching_easyjson.go:18.114,19.17 1 10
github.com/cloudfoundry-community/splunk-firehose-nozzle/caching/caching_easyjson.go:23.2,24.23 2 10
github.com/cloudfoundry-community/splunk-firehose-nozzle/caching/caching_easyjson.go:52.2,52.15 1 10
github.com/cloudfoundry-community/splunk-firehose-nozzle/caching/caching_easyjson.go:19.17,22.3 2 0
github.com/cloudfoundry-community/splunk-firehose-nozzle/caching/caching_easyjson.go:24.23,27.18 3 70
github.com/cloudfoundry-community/splunk-firehose-nozzle/caching/caching_easyjson.go:32.3,32.14 1 70
github.com/cloudfoundry-community/splunk-firehose-nozzle/caching/caching_easyjson.go:50.3,50.17 1 70
github.com/cloudfoundry-community/splunk-firehose-nozzle/caching/caching_easyjson.go:27.18,30.12 3 0
github.com/cloudfoundry-community/splunk-firehose-nozzle/caching/caching_easyjson.go:33.15,34.34 1 10
github.com/cloudfoundry-community/splunk-firehose-nozzle/caching/caching_easyjson.go:35.15,36.34 1 10
github.com/cloudfoundry-community/splunk-firehose-nozzle/caching/caching_easyjson.go:37.20,38.39 1 10
github.com/cloudfoundry-community/splunk-firehose-nozzle/caching/caching_easyjson.go:39.20,40.39 1 10
github.com/cloudfoundry-community/splunk-firehose-nozzle/caching/caching_easyjson.go:41.18,42.37 1 10
github.com/cloudfoundry-community/splunk-firehose-nozzle/caching/caching_easyjson.go:43.18,44.37 1 10
github.com/cloudfoundry-community/splunk-firehose-nozzle/caching/caching_easyjson.go:45.21,46.36 1 10
github.com/cloudfoundry-community/splunk-firehose-nozzle/caching/caching_easyjson.go:47.11,48.22 1 0
github.com/cloudfoundry-community/splunk-firehose-nozzle/caching/caching_easyjson.go:54.115,58.12 4 82
github.com/cloudfoundry-community/splunk-firehose-nozzle/caching/caching_easyjson.go:61.2,64.12 4 82
github.com/cloudfoundry-community/splunk-firehose-nozzle/caching/caching_easyjson.go:67.2,70.12 4 82
github.com/cloudfoundry-community/splunk-firehose-nozzle/caching/caching_easyjson.go:73.2,76.12 4 82
github.com/cloudfoundry-community/splunk-firehose-nozzle/caching/caching_easyjson.go:79.2,82.12 4 82
github.com/cloudfoundry-community/splunk-firehose-nozzle/caching/caching_easyjson.go:85.2,88.12 4 82
github.com/cloudfoundry-community/splunk-firehose-nozzle/caching/caching_easyjson.go:91.2,94.12 4 82
github.com/cloudfoundry-community/splunk-firehose-nozzle/caching/caching_easyjson.go:97.2,100.18 4 82
github.com/cloudfoundry-community/splunk-firehose-nozzle/caching/caching_easyjson.go:58.12,60.3 1 0
github.com/cloudfoundry-community/splunk-firehose-nozzle/caching/caching_easyjson.go:64.12,66.3 1 82
github.com/cloudfoundry-community/splunk-firehose-nozzle/caching/caching_easyjson.go:70.12,72.3 1 82
github.com/cloudfoundry-community/splunk-firehose-nozzle/caching/caching_easyjson.go:76.12,78.3 1 82
github.com/cloudfoundry-community/splunk-firehose-nozzle/caching/caching_easyjson.go:82.12,84.3 1 82
github.com/cloudfoundry-community/splunk-firehose-nozzle/caching/caching_easyjson.go:88.12,90.3 1 82
github.com/cloudfoundry-community/splunk-firehose-nozzle/caching/caching_easyjson.go:94.12,96.3 1 82
github.com/cloudfoundry-community/splunk-firehose-nozzle/caching/caching_easyjson.go:104.44,108.2 3 0
github.com/cloudfoundry-community/splunk-firehose-nozzle/caching/caching_easyjson.go:111.49,113.2 1 82
github.com/cloudfoundry-community/splunk-firehose-nozzle/caching/caching_easyjson.go:116.48,120.2 3 0
github.com/cloudfoundry-community/splunk-firehose-nozzle/caching/caching_easyjson.go:123.50,125.2 1 10
github.com/cloudfoundry-community/splunk-firehose-nozzle/caching/caching_emtpy.go:5.32,7.2 1 0
github.com/cloudfoundry-community/splunk-firehose-nozzle/caching/caching_emtpy.go:9.37,11.2 1 0
github.com/cloudfoundry-community/splunk-firehose-nozzle/caching/caching_emtpy.go:13.38,15.2 1 0
github.com/cloudfoundry-community/splunk-firehose-nozzle/caching/caching_emtpy.go:17.62,19.2 1 0
github.com/cloudfoundry-community/splunk-firehose-nozzle/caching/caching_emtpy.go:21.61,23.2 1 0
github.com/cloudfoundry-community/splunk-firehose-nozzle/caching/caching.go:34.41,37.2 2 0
github.com/cloudfoundry-community/splunk-firehose-nozzle/caching/caching_boltdb.go:36.88,42.2 1 9
github.com/cloudfoundry-community/splunk-firehose-nozzle/caching/caching_boltdb.go:44.36,47.16 2 9
github.com/cloudfoundry-community/splunk-firehose-nozzle/caching/caching_boltdb.go:51.2,53.41 2 8
github.com/cloudfoundry-community/splunk-firehose-nozzle/caching/caching_boltdb.go:58.2,58.53 1 8
github.com/cloudfoundry-community/splunk-firehose-nozzle/caching/caching_boltdb.go:62.2,62.32 1 8
github.com/cloudfoundry-community/splunk-firehose-nozzle/caching/caching_boltdb.go:69.2,69.26 1 8
github.com/cloudfoundry-community/splunk-firehose-nozzle/caching/caching_boltdb.go:47.16,50.3 2 1
github.com/cloudfoundry-community/splunk-firehose-nozzle/caching/caching_boltdb.go:53.41,56.3 2 0
github.com/cloudfoundry-community/splunk-firehose-nozzle/caching/caching_boltdb.go:58.53,60.3 1 8
github.com/cloudfoundry-community/splunk-firehose-nozzle/caching/caching_boltdb.go:62.32,64.17 2 8
github.com/cloudfoundry-community/splunk-firehose-nozzle/caching/caching_boltdb.go:64.17,66.4 1 0
github.com/cloudfoundry-community/splunk-firehose-nozzle/caching/caching_boltdb.go:72.45,74.16 2 8
github.com/cloudfoundry-community/splunk-firehose-nozzle/caching/caching_boltdb.go:78.2,78.20 1 8
github.com/cloudfoundry-community/splunk-firehose-nozzle/caching/caching_boltdb.go:86.2,88.12 2 8
github.com/cloudfoundry-community/splunk-firehose-nozzle/caching/caching_boltdb.go:74.16,76.3 1 0
github.com/cloudfoundry-community/splunk-firehose-nozzle/caching/caching_boltdb.go:78.20,81.17 2 7
github.com/cloudfoundry-community/splunk-firehose-nozzle/caching/caching_boltdb.go:81.17,83.4 1 0
github.com/cloudfoundry-community/splunk-firehose-nozzle/caching/caching_boltdb.go:91.37,98.2 3 7
github.com/cloudfoundry-community/splunk-firehose-nozzle/caching/caching_boltdb.go:108.60,110.37 2 4
github.com/cloudfoundry-community/splunk-firehose-nozzle/caching/caching_boltdb.go:115.2,117.60 2 3
github.com/cloudfoundry-community/splunk-firehose-nozzle/caching/caching_boltdb.go:122.2,123.16 2 2
github.com/cloudfoundry-community/splunk-firehose-nozzle/caching/caching_boltdb.go:131.2,135.17 4 1
github.com/cloudfoundry-community/splunk-firehose-nozzle/caching/caching_boltdb.go:110.37,114.3 2 1
github.com/cloudfoundry-community/splunk-firehose-nozzle/caching/caching_boltdb.go:117.60,119.3 1 1
github.com/cloudfoundry-community/splunk-firehose-nozzle/caching/caching_boltdb.go:123.16,124.33 1 1
github.com/cloudfoundry-community/splunk-firehose-nozzle/caching/caching_boltdb.go:127.3,127.18 1 1
github.com/cloudfoundry-community/splunk-firehose-nozzle/caching/caching_boltdb.go:124.33,126.4 1 1
github.com/cloudfoundry-community/splunk-firehose-nozzle/caching/caching_boltdb.go:139.61,142.30 3 3
github.com/cloudfoundry-community/splunk-firehose-nozzle/caching/caching_boltdb.go:146.2,148.18 2 3
github.com/cloudfoundry-community/splunk-firehose-nozzle/caching/caching_boltdb.go:142.30,145.3 2 31
github.com/cloudfoundry-community/splunk-firehose-nozzle/caching/caching_boltdb.go:152.71,154.39 2 8
github.com/cloudfoundry-community/splunk-firehose-nozzle/caching/caching_boltdb.go:163.2,164.25 2 8
github.com/cloudfoundry-community/splunk-firehose-nozzle/caching/caching_boltdb.go:173.2,173.18 1 8
github.com/cloudfoundry-community/splunk-firehose-nozzle/caching/caching_boltdb.go:154.39,156.47 2 8
github.com/cloudfoundry-community/splunk-firehose-nozzle/caching/caching_boltdb.go:160.3,160.13 1 8
github.com/cloudfoundry-community/splunk-firehose-nozzle/caching/caching_boltdb.go:156.47,159.4 2 10
github.com/cloudfoundry-community/splunk-firehose-nozzle/caching/caching_boltdb.go:164.25,167.17 3 10
github.com/cloudfoundry-community/splunk-firehose-nozzle/caching/caching_boltdb.go:170.3,170.24 1 10
github.com/cloudfoundry-community/splunk-firehose-nozzle/caching/caching_boltdb.go:167.17,169.4 1 0
github.com/cloudfoundry-community/splunk-firehose-nozzle/caching/caching_boltdb.go:176.71,180.16 3 8
github.com/cloudfoundry-community/splunk-firehose-nozzle/caching/caching_boltdb.go:184.2,185.24 2 8
github.com/cloudfoundry-community/splunk-firehose-nozzle/caching/caching_boltdb.go:191.2,194.18 3 8
github.com/cloudfoundry-community/splunk-firehose-nozzle/caching/caching_boltdb.go:180.16,182.3 1 0
github.com/cloudfoundry-community/splunk-firehose-nozzle/caching/caching_boltdb.go:185.24,189.3 3 81
github.com/cloudfoundry-community/splunk-firehose-nozzle/caching/caching_boltdb.go:197.44,198.48 1 8
github.com/cloudfoundry-community/splunk-firehose-nozzle/caching/caching_boltdb.go:198.48,200.17 2 8
github.com/cloudfoundry-community/splunk-firehose-nozzle/caching/caching_boltdb.go:203.3,203.13 1 8
github.com/cloudfoundry-community/splunk-firehose-nozzle/caching/caching_boltdb.go:200.17,202.4 1 0
github.com/cloudfoundry-community/splunk-firehose-nozzle/caching/caching_boltdb.go:207.71,208.48 1 8
github.com/cloudfoundry-community/splunk-firehose-nozzle/caching/caching_boltdb.go:216.2,216.16 1 8
github.com/cloudfoundry-community/splunk-firehose-nozzle/caching/caching_boltdb.go:220.2,221.12 2 8
github.com/cloudfoundry-community/splunk-firehose-nozzle/caching/caching_boltdb.go:241.2,241.12 1 8
github.com/cloudfoundry-community/splunk-firehose-nozzle/caching/caching_boltdb.go:208.48,210.17 2 8
github.com/cloudfoundry-community/splunk-firehose-nozzle/caching/caching_boltdb.go:213.3,213.13 1 8
github.com/cloudfoundry-community/splunk-firehose-nozzle/caching/caching_boltdb.go:210.17,212.4 1 0
github.com/cloudfoundry-community/splunk-firehose-nozzle/caching/caching_boltdb.go:216.16,218.3 1 0
github.com/cloudfoundry-community/splunk-firehose-nozzle/caching/caching_boltdb.go:221.12,225.7 3 8
github.com/cloudfoundry-community/splunk-firehose-nozzle/caching/caching_boltdb.go:225.7,226.11 1 9
github.com/cloudfoundry-community/splunk-firehose-nozzle/caching/caching_boltdb.go:227.20,228.44 1 1
github.com/cloudfoundry-community/splunk-firehose-nozzle/caching/caching_boltdb.go:235.21,236.11 1 7
github.com/cloudfoundry-community/splunk-firehose-nozzle/caching/caching_boltdb.go:228.44,230.20 2 1
github.com/cloudfoundry-community/splunk-firehose-nozzle/caching/caching_boltdb.go:233.6,233.16 1 1
github.com/cloudfoundry-community/splunk-firehose-nozzle/caching/caching_boltdb.go:230.20,232.7 1 0
github.com/cloudfoundry-community/splunk-firehose-nozzle/caching/caching_boltdb.go:246.41,250.12 3 8
github.com/cloudfoundry-community/splunk-firehose-nozzle/caching/caching_boltdb.go:250.12,253.7 2 8
github.com/cloudfoundry-community/splunk-firehose-nozzle/caching/caching_boltdb.go:253.7,254.11 1 9
github.com/cloudfoundry-community/splunk-firehose-nozzle/caching/caching_boltdb.go:255.20,258.19 2 1
github.com/cloudfoundry-community/splunk-firehose-nozzle/caching/caching_boltdb.go:263.21,264.11 1 7
github.com/cloudfoundry-community/splunk-firehose-nozzle/caching/caching_boltdb.go:258.19,262.6 3 1
github.com/cloudfoundry-community/splunk-firehose-nozzle/caching/caching_boltdb.go:270.58,271.27 1 9
github.com/cloudfoundry-community/splunk-firehose-nozzle/caching/caching_boltdb.go:271.27,272.42 1 82
github.com/cloudfoundry-community/splunk-firehose-nozzle/caching/caching_boltdb.go:272.42,274.18 2 82
github.com/cloudfoundry-community/splunk-firehose-nozzle/caching/caching_boltdb.go:278.4,279.61 2 82
github.com/cloudfoundry-community/splunk-firehose-nozzle/caching/caching_boltdb.go:282.4,282.14 1 82
github.com/cloudfoundry-community/splunk-firehose-nozzle/caching/caching_boltdb.go:274.18,276.5 1 0
github.com/cloudfoundry-community/splunk-firehose-nozzle/caching/caching_boltdb.go:279.61,281.5 1 0
github.com/cloudfoundry-community/splunk-firehose-nozzle/caching/caching_boltdb.go:287.58,297.2 1 82
github.com/cloudfoundry-community/splunk-firehose-nozzle/caching/caching_boltdb.go:299.70,301.16 2 2
github.com/cloudfoundry-community/splunk-firehose-nozzle/caching/caching_boltdb.go:305.2,308.17 3 1
github.com/cloudfoundry-community/splunk-firehose-nozzle/caching/caching_boltdb.go:301.16,303.3 1 1
github.com/cloudfoundry-community/splunk-firehose-nozzle/caching/caching_boltdb.go:311.58,314.39 2 3
github.com/cloudfoundry-community/splunk-firehose-nozzle/caching/caching_boltdb.go:324.2,324.17 1 3
github.com/cloudfoundry-community/splunk-firehose-nozzle/caching/caching_boltdb.go:314.39,316.15 2 3
github.com/cloudfoundry-community/splunk-firehose-nozzle/caching/caching_boltdb.go:320.3,321.13 2 3
github.com/cloudfoundry-community/splunk-firehose-nozzle/caching/caching_boltdb.go:316.15,318.4 1 0
github.com/cloudfoundry-community/splunk-firehose-nozzle/caching/caching_boltdb.go:327.62,328.48 1 1
github.com/cloudfoundry-community/splunk-firehose-nozzle/caching/caching_boltdb.go:328.48,330.17 2 1
github.com/cloudfoundry-community/splunk-firehose-nozzle/caching/caching_boltdb.go:333.3,335.17 2 1
github.com/cloudfoundry-community/splunk-firehose-nozzle/caching/caching_boltdb.go:338.3,338.13 1 1
github.com/cloudfoundry-community/splunk-firehose-nozzle/caching/caching_boltdb.go:330.17,332.4 1 0
github.com/cloudfoundry-community/splunk-firehose-nozzle/caching/caching_boltdb.go:335.17,337.4 1 0
github.com/cloudfoundry-community/splunk-firehose-nozzle/caching/caching_boltdb.go:342.68,343.67 1 82
github.com/cloudfoundry-community/splunk-firehose-nozzle/caching/caching_boltdb.go:346.2,346.14 1 82
github.com/cloudfoundry-community/splunk-firehose-nozzle/caching/caching_boltdb.go:343.67,345.3 1 0
github.com/cloudfoundry-community/splunk-firehose-nozzle/caching/caching_easyjson.go:18.114,19.17 1 10
github.com/cloudfoundry-community/splunk-firehose-nozzle/caching/caching_easyjson.go:23.2,24.23 2 10
github.com/cloudfoundry-community/splunk-firehose-nozzle/caching/caching_easyjson.go:52.2,52.15 1 10
github.com/cloudfoundry-community/splunk-firehose-nozzle/caching/caching_easyjson.go:19.17,22.3 2 0
github.com/cloudfoundry-community/splunk-firehose-nozzle/caching/caching_easyjson.go:24.23,27.18 3 70
github.com/cloudfoundry-community/splunk-firehose-nozzle/caching/caching_easyjson.go:32.3,32.14 1 70
github.com/cloudfoundry-community/splunk-firehose-nozzle/caching/caching_easyjson.go:50.3,50.17 1 70
github.com/cloudfoundry-community/splunk-firehose-nozzle/caching/caching_easyjson.go:27.18,30.12 3 0
github.com/cloudfoundry-community/splunk-firehose-nozzle/caching/caching_easyjson.go:33.15,34.34 1 10
github.com/cloudfoundry-community/splunk-firehose-nozzle/caching/caching_easyjson.go:35.15,36.34 1 10
github.com/cloudfoundry-community/splunk-firehose-nozzle/caching/caching_easyjson.go:37.20,38.39 1 10
github.com/cloudfoundry-community/splunk-firehose-nozzle/caching/caching_easyjson.go:39.20,40.39 1 10
github.com/cloudfoundry-community/splunk-firehose-nozzle/caching/caching_easyjson.go:41.18,42.37 1 10
github.com/cloudfoundry-community/splunk-firehose-nozzle/caching/caching_easyjson.go:43.18,44.37 1 10
github.com/cloudfoundry-community/splunk-firehose-nozzle/caching/caching_easyjson.go:45.21,46.36 1 10
github.com/cloudfoundry-community/splunk-firehose-nozzle/caching/caching_easyjson.go:47.11,48.22 1 0
github.com/cloudfoundry-community/splunk-firehose-nozzle/caching/caching_easyjson.go:54.115,58.12 4 82
github.com/cloudfoundry-community/splunk-firehose-nozzle/caching/caching_easyjson.go:61.2,64.12 4 82
github.com/cloudfoundry-community/splunk-firehose-nozzle/caching/caching_easyjson.go:67.2,70.12 4 82
github.com/cloudfoundry-community/splunk-firehose-nozzle/caching/caching_easyjson.go:73.2,76.12 4 82
github.com/cloudfoundry-community/splunk-firehose-nozzle/caching/caching_easyjson.go:79.2,82.12 4 82
github.com/cloudfoundry-community/splunk-firehose-nozzle/caching/caching_easyjson.go:85.2,88.12 4 82
github.com/cloudfoundry-community/splunk-firehose-nozzle/caching/caching_easyjson.go:91.2,94.12 4 82
github.com/cloudfoundry-community/splunk-firehose-nozzle/caching/caching_easyjson.go:97.2,100.18 4 82
github.com/cloudfoundry-community/splunk-firehose-nozzle/caching/caching_easyjson.go:58.12,60.3 1 0
github.com/cloudfoundry-community/splunk-firehose-nozzle/caching/caching_easyjson.go:64.12,66.3 1 82
github.com/cloudfoundry-community/splunk-firehose-nozzle/caching/caching_easyjson.go:70.12,72.3 1 82
github.com/cloudfoundry-community/splunk-firehose-nozzle/caching/caching_easyjson.go:76.12,78.3 1 82
github.com/cloudfoundry-community/splunk-firehose-nozzle/caching/caching_easyjson.go:82.12,84.3 1 82
github.com/cloudfoundry-community/splunk-firehose-nozzle/caching/caching_easyjson.go:88.12,90.3 1 82
github.com/cloudfoundry-community/splunk-firehose-nozzle/caching/caching_easyjson.go:94.12,96.3 1 82
github.com/cloudfoundry-community/splunk-firehose-nozzle/caching/caching_easyjson.go:104.44,108.2 3 0
github.com/cloudfoundry-community/splunk-firehose-nozzle/caching/caching_easyjson.go:111.49,113.2 1 82
github.com/cloudfoundry-community/splunk-firehose-nozzle/caching/caching_easyjson.go:116.48,120.2 3 0
github.com/cloudfoundry-community/splunk-firehose-nozzle/caching/caching_easyjson.go:123.50,125.2 1 10
github.com/cloudfoundry-community/splunk-firehose-nozzle/drain/logging_memory.go:8.40,13.2 1 23
github.com/cloudfoundry-community/splunk-firehose-nozzle/drain/logging_memory.go:15.40,17.2 1 0
github.com/cloudfoundry-community/splunk-firehose-nozzle/drain/logging_memory.go:19.79,22.2 2 22
github.com/cloudfoundry-community/splunk-firehose-nozzle/drain/logging_splunk.go:29.119,36.2 1 23
github.com/cloudfoundry-community/splunk-firehose-nozzle/drain/logging_splunk.go:38.40,39.35 1 22
github.com/cloudfoundry-community/splunk-firehose-nozzle/drain/logging_splunk.go:42.2,42.13 1 22
github.com/cloudfoundry-community/splunk-firehose-nozzle/drain/logging_splunk.go:39.35,41.3 1 22
github.com/cloudfoundry-community/splunk-firehose-nozzle/drain/logging_splunk.go:45.79,48.2 2 22
github.com/cloudfoundry-community/splunk-firehose-nozzle/drain/logging_splunk.go:50.61,54.6 3 22
github.com/cloudfoundry-community/splunk-firehose-nozzle/drain/logging_splunk.go:54.6,55.10 1 1953
github.com/cloudfoundry-community/splunk-firehose-nozzle/drain/logging_splunk.go:56.28,58.40 2 22
github.com/cloudfoundry-community/splunk-firehose-nozzle/drain/logging_splunk.go:62.18,64.39 2 1881
github.com/cloudfoundry-community/splunk-firehose-nozzle/drain/logging_splunk.go:58.40,61.5 2 0
github.com/cloudfoundry-community/splunk-firehose-nozzle/drain/logging_splunk.go:72.122,73.21 1 1886
github.com/cloudfoundry-community/splunk-firehose-nozzle/drain/logging_splunk.go:76.2,77.40 2 22
github.com/cloudfoundry-community/splunk-firehose-nozzle/drain/logging_splunk.go:86.2,87.12 2 0
github.com/cloudfoundry-community/splunk-firehose-nozzle/drain/logging_splunk.go:73.21,75.3 1 1865
github.com/cloudfoundry-community/splunk-firehose-nozzle/drain/logging_splunk.go:77.40,80.17 2 22
github.com/cloudfoundry-community/splunk-firehose-nozzle/drain/logging_splunk.go:83.3,84.30 2 0
github.com/cloudfoundry-community/splunk-firehose-nozzle/drain/logging_splunk.go:80.17,82.4 1 22
github.com/cloudfoundry-community/splunk-firehose-nozzle/drain/logging_splunk.go:94.37,96.72 2 13
github.com/cloudfoundry-community/splunk-firehose-nozzle/drain/logging_splunk.go:113.2,113.12 1 9
github.com/cloudfoundry-community/splunk-firehose-nozzle/drain/logging_splunk.go:96.72,99.61 2 2
github.com/cloudfoundry-community/splunk-firehose-nozzle/drain/logging_splunk.go:103.3,103.11 1 1
github.com/cloudfoundry-community/splunk-firehose-nozzle/drain/logging_splunk.go:99.61,102.4 1 1
github.com/cloudfoundry-community/splunk-firehose-nozzle/drain/logging_splunk.go:104.3,104.79 1 11
github.com/cloudfoundry-community/splunk-firehose-nozzle/drain/logging_splunk.go:104.79,107.61 2 2
github.com/cloudfoundry-community/splunk-firehose-nozzle/drain/logging_splunk.go:111.3,111.11 1 1
github.com/cloudfoundry-community/splunk-firehose-nozzle/drain/logging_splunk.go:107.61,110.4 1 1
github.com/cloudfoundry-community/splunk-firehose-nozzle/drain/logging_splunk.go:116.102,117.18 1 22
github.com/cloudfoundry-community/splunk-firehose-nozzle/drain/logging_splunk.go:120.2,123.40 3 22
github.com/cloudfoundry-community/splunk-firehose-nozzle/drain/logging_splunk.go:126.2,136.14 7 22
github.com/cloudfoundry-community/splunk-firehose-nozzle/drain/logging_splunk.go:117.18,119.3 1 8
github.com/cloudfoundry-community/splunk-firehose-nozzle/drain/logging_splunk.go:123.40,125.3 1 4
github.com/cloudfoundry-community/splunk-firehose-nozzle/drain/logging_splunk.go:139.72,142.2 2 4
github.com/cloudfoundry-community/splunk-firehose-nozzle/drain/logging_std.go:7.37,9.2 1 0
github.com/cloudfoundry-community/splunk-firehose-nozzle/drain/logging_std.go:11.76,13.18 2 0
github.com/cloudfoundry-community/splunk-firehose-nozzle/drain/logging_std.go:13.18,15.3 1 0
github.com/cloudfoundry-community/splunk-firehose-nozzle/eventRouting/eventrouting_default.go:27.85,36.2 1 5
github.com/cloudfoundry-community/splunk-firehose-nozzle/eventRouting/eventrouting_default.go:38.67,40.2 1 2
github.com/cloudfoundry-community/splunk-firehose-nozzle/eventRouting/eventrouting_default.go:42.64,46.42 2 10
github.com/cloudfoundry-community/splunk-firehose-nozzle/eventRouting/eventrouting_default.go:46.42,48.20 2 10
github.com/cloudfoundry-community/splunk-firehose-nozzle/eventRouting/eventrouting_default.go:63.3,66.57 3 10
github.com/cloudfoundry-community/splunk-firehose-nozzle/eventRouting/eventrouting_default.go:70.3,72.101 2 10
github.com/cloudfoundry-community/splunk-firehose-nozzle/eventRouting/eventrouting_default.go:79.3,79.19 1 10
github.com/cloudfoundry-community/splunk-firehose-nozzle/eventRouting/eventrouting_default.go:49.38,50.38 1 0
github.com/cloudfoundry-community/splunk-firehose-nozzle/eventRouting/eventrouting_default.go:51.35,52.35 1 10
github.com/cloudfoundry-community/splunk-firehose-nozzle/eventRouting/eventrouting_default.go:53.36,54.36 1 0
github.com/cloudfoundry-community/splunk-firehose-nozzle/eventRouting/eventrouting_default.go:55.37,56.37 1 0
github.com/cloudfoundry-community/splunk-firehose-nozzle/eventRouting/eventrouting_default.go:57.30,58.35 1 0
github.com/cloudfoundry-community/splunk-firehose-nozzle/eventRouting/eventrouting_default.go:59.40,60.40 1 0
github.com/cloudfoundry-community/splunk-firehose-nozzle/eventRouting/eventrouting_default.go:66.57,68.4 1 10
github.com/cloudfoundry-community/splunk-firehose-nozzle/eventRouting/eventrouting_default.go:72.101,74.4 1 0
github.com/cloudfoundry-community/splunk-firehose-nozzle/eventRouting/eventrouting_default.go:74.4,78.4 2 10
github.com/cloudfoundry-community/splunk-firehose-nozzle/eventRouting/eventrouting_default.go:83.76,85.24 2 7
github.com/cloudfoundry-community/splunk-firehose-nozzle/eventRouting/eventrouting_default.go:97.2,97.12 1 6
github.com/cloudfoundry-community/splunk-firehose-nozzle/eventRouting/eventrouting_default.go:85.24,87.3 1 5
github.com/cloudfoundry-community/splunk-firehose-nozzle/eventRouting/eventrouting_default.go:87.3,88.58 1 2
github.com/cloudfoundry-community/splunk-firehose-nozzle/eventRouting/eventrouting_default.go:88.58,89.51 1 3
github.com/cloudfoundry-community/splunk-firehose-nozzle/eventRouting/eventrouting_default.go:89.51,92.5 2 2
github.com/cloudfoundry-community/splunk-firehose-nozzle/eventRouting/eventrouting_default.go:92.5,94.5 1 1
github.com/cloudfoundry-community/splunk-firehose-nozzle/eventRouting/eventrouting_default.go:100.72,103.16 2 0
github.com/cloudfoundry-community/splunk-firehose-nozzle/eventRouting/eventrouting_default.go:107.2,107.29 1 0
github.com/cloudfoundry-community/splunk-firehose-nozzle/eventRouting/eventrouting_default.go:103.16,106.3 2 0
github.com/cloudfoundry-community/splunk-firehose-nozzle/eventRouting/eventrouting_default.go:110.70,112.51 2 1
github.com/cloudfoundry-community/splunk-firehose-nozzle/eventRouting/eventrouting_default.go:115.2,115.14 1 1
github.com/cloudfoundry-community/splunk-firehose-nozzle/eventRouting/eventrouting_default.go:112.51,114.3 1 1
github.com/cloudfoundry-community/splunk-firehose-nozzle/eventRouting/eventrouting_default.go:118.74,120.2 1 1
github.com/cloudfoundry-community/splunk-firehose-nozzle/eventRouting/eventrouting_default.go:122.75,128.12 5 0
github.com/cloudfoundry-community/splunk-firehose-nozzle/eventRouting/eventrouting_default.go:128.12,129.35 1 0
github.com/cloudfoundry-community/splunk-firehose-nozzle/eventRouting/eventrouting_default.go:129.35,136.4 6 0
github.com/cloudfoundry-community/splunk-firehose-nozzle/eventRouting/eventrouting_default.go:140.136,150.59 6 0
github.com/cloudfoundry-community/splunk-firehose-nozzle/eventRouting/eventrouting_default.go:154.2,160.26 3 0
github.com/cloudfoundry-community/splunk-firehose-nozzle/eventRouting/eventrouting_default.go:150.59,152.3 1 0
github.com/cloudfoundry-community/splunk-firehose-nozzle/eventRouting/eventrouting.go:21.49,22.64 1 3
github.com/cloudfoundry-community/splunk-firehose-nozzle/eventRouting/eventrouting.go:27.2,27.14 1 1
github.com/cloudfoundry-community/splunk-firehose-nozzle/eventRouting/eventrouting.go:22.64,23.36 1 13
github.com/cloudfoundry-community/splunk-firehose-nozzle/eventRouting/eventrouting.go:23.36,25.4 1 2
github.com/cloudfoundry-community/splunk-firehose-nozzle/eventRouting/eventrouting.go:30.63,32.59 2 2
github.com/cloudfoundry-community/splunk-firehose-nozzle/eventRouting/eventrouting.go:35.2,36.38 2 2
github.com/cloudfoundry-community/splunk-firehose-nozzle/eventRouting/eventrouting.go:32.59,34.3 1 16
github.com/cloudfoundry-community/splunk-firehose-nozzle/events/events.go:18.49,43.2 3 0
github.com/cloudfoundry-community/splunk-firehose-nozzle/events/events.go:45.46,60.2 3 3
github.com/cloudfoundry-community/splunk-firehose-nozzle/events/events.go:62.47,75.2 3 0
github.com/cloudfoundry-community/splunk-firehose-nozzle/events/events.go:77.48,90.2 3 0
github.com/cloudfoundry-community/splunk-firehose-nozzle/events/events.go:92.46,104.2 3 0
github.com/cloudfoundry-community/splunk-firehose-nozzle/events/events.go:106.51,123.2 3 0
github.com/cloudfoundry-community/splunk-firehose-nozzle/events/events.go:125.62,129.63 3 1
github.com/cloudfoundry-community/splunk-firehose-nozzle/events/events.go:129.63,131.35 2 1
github.com/cloudfoundry-community/splunk-firehose-nozzle/events/events.go:135.3,142.24 7 1
github.com/cloudfoundry-community/splunk-firehose-nozzle/events/events.go:146.3,146.24 1 1
github.com/cloudfoundry-community/splunk-firehose-nozzle/events/events.go:150.3,150.26 1 1
github.com/cloudfoundry-community/splunk-firehose-nozzle/events/events.go:154.3,154.22 1 1
github.com/cloudfoundry-community/splunk-firehose-nozzle/events/events.go:158.3,158.24 1 1
github.com/cloudfoundry-community/splunk-firehose-nozzle/events/events.go:162.3,162.46 1 1
github.com/cloudfoundry-community/splunk-firehose-nozzle/events/events.go:131.35,133.4 1 0
github.com/cloudfoundry-community/splunk-firehose-nozzle/events/events.go:142.24,144.4 1 1
github.com/cloudfoundry-community/splunk-firehose-nozzle/events/events.go:146.24,148.4 1 1
github.com/cloudfoundry-community/splunk-firehose-nozzle/events/events.go:150.26,152.4 1 1
github.com/cloudfoundry-community/splunk-firehose-nozzle/events/events.go:154.22,156.4 1 1
github.com/cloudfoundry-community/splunk-firehose-nozzle/events/events.go:158.24,160.4 1 1
github.com/cloudfoundry-community/splunk-firehose-nozzle/events/events.go:167.69,170.32 3 1
github.com/cloudfoundry-community/splunk-firehose-nozzle/events/events.go:170.32,172.3 1 1
github.com/cloudfoundry-community/splunk-firehose-nozzle/events/events.go:175.65,183.2 6 3
github.com/cloudfoundry-community/splunk-firehose-nozzle/extrafields/extrafields.go:8.67,10.22 2 9
github.com/cloudfoundry-community/splunk-firehose-nozzle/extrafields/extrafields.go:13.2,13.72 1 8
github.com/cloudfoundry-community/splunk-firehose-nozzle/extrafields/extrafields.go:10.22,12.3 1 1
github.com/cloudfoundry-community/splunk-firehose-nozzle/extrafields/extrafields.go:16.76,19.63 2 6
github.com/cloudfoundry-community/splunk-firehose-nozzle/extrafields/extrafields.go:29.2,29.25 1 5
github.com/cloudfoundry-community/splunk-firehose-nozzle/extrafields/extrafields.go:19.63,20.19 1 10
github.com/cloudfoundry-community/splunk-firehose-nozzle/extrafields/extrafields.go:20.19,23.18 3 9
github.com/cloudfoundry-community/splunk-firehose-nozzle/extrafields/extrafields.go:26.4,26.22 1 8
github.com/cloudfoundry-community/splunk-firehose-nozzle/extrafields/extrafields.go:23.18,25.5 1 1
github.com/cloudfoundry-community/splunk-firehose-nozzle/extrafields/extrafields.go:32.65,36.2 2 4
github.com/cloudfoundry-community/splunk-firehose-nozzle/firehoseclient/firehoseclient.go:28.125,34.2 1 4
github.com/cloudfoundry-community/splunk-firehose-nozzle/firehoseclient/firehoseclient.go:36.40,38.2 1 4
github.com/cloudfoundry-community/splunk-firehose-nozzle/firehoseclient/firehoseclient.go:40.45,42.6 2 4
github.com/cloudfoundry-community/splunk-firehose-nozzle/firehoseclient/firehoseclient.go:42.6,43.10 1 14
github.com/cloudfoundry-community/splunk-firehose-nozzle/firehoseclient/firehoseclient.go:44.31,45.39 1 10
github.com/cloudfoundry-community/splunk-firehose-nozzle/firehoseclient/firehoseclient.go:46.22,48.14 2 3
github.com/cloudfoundry-community/splunk-firehose-nozzle/firehoseclient/firehoseclient.go:53.49,54.9 1 3
github.com/cloudfoundry-community/splunk-firehose-nozzle/firehoseclient/firehoseclient.go:65.2,66.20 2 3
github.com/cloudfoundry-community/splunk-firehose-nozzle/firehoseclient/firehoseclient.go:55.65,56.52 1 1
github.com/cloudfoundry-community/splunk-firehose-nozzle/firehoseclient/firehoseclient.go:57.67,59.107 2 1
github.com/cloudfoundry-community/splunk-firehose-nozzle/firehoseclient/firehoseclient.go:61.10,62.65 1 1
github.com/cloudfoundry-community/splunk-firehose-nozzle/logging/logging.go:16.41,18.2 1 0
github.com/cloudfoundry-community/splunk-firehose-nozzle/logging/logging.go:20.51,22.2 1 0
github.com/cloudfoundry-community/splunk-firehose-nozzle/logging/logging.go:24.69,26.22 1 0
github.com/cloudfoundry-community/splunk-firehose-nozzle/logging/logging.go:26.22,31.14 3 0
github.com/cloudfoundry-community/splunk-firehose-nozzle/logging/logging.go:38.3,38.41 1 0
github.com/cloudfoundry-community/splunk-firehose-nozzle/logging/logging.go:31.14,34.4 2 0
github.com/cloudfoundry-community/splunk-firehose-nozzle/logging/logging.go:34.4,36.4 1 0
github.com/cloudfoundry-community/splunk-firehose-nozzle/logging/logging_logrus.go:19.132,28.2 1 0
github.com/cloudfoundry-community/splunk-firehose-nozzle/logging/logging_logrus.go:30.40,35.18 3 0
github.com/cloudfoundry-community/splunk-firehose-nozzle/logging/logging_logrus.go:41.2,41.16 1 0
github.com/cloudfoundry-community/splunk-firehose-nozzle/logging/logging_logrus.go:35.18,37.3 1 0
github.com/cloudfoundry-community/splunk-firehose-nozzle/logging/logging_logrus.go:37.3,39.3 1 0
github.com/cloudfoundry-community/splunk-firehose-nozzle/logging/logging_logrus.go:44.88,46.2 1 0
github.com/cloudfoundry-community/splunk-firehose-nozzle/logging/logging_logrus.go:48.64,49.26 1 3
github.com/cloudfoundry-community/splunk-firehose-nozzle/logging/logging_logrus.go:50.14,51.33 1 1
github.com/cloudfoundry-community/splunk-firehose-nozzle/logging/logging_logrus.go:52.10,53.33 1 2
github.com/cloudfoundry-community/splunk-firehose-nozzle/logging/logging.go:16.41,18.2 1 0
github.com/cloudfoundry-community/splunk-firehose-nozzle/logging/logging.go:20.51,22.2 1 0
github.com/cloudfoundry-community/splunk-firehose-nozzle/logging/logging.go:24.69,26.22 1 0
github.com/cloudfoundry-community/splunk-firehose-nozzle/logging/logging.go:26.22,31.14 3 0
github.com/cloudfoundry-community/splunk-firehose-nozzle/logging/logging.go:38.3,38.41 1 0
github.com/cloudfoundry-community/splunk-firehose-nozzle/logging/logging.go:31.14,34.4 2 0
github.com/cloudfoundry-community/splunk-firehose-nozzle/logging/logging.go:34.4,36.4 1 0
github.com/cloudfoundry-community/splunk-firehose-nozzle/logging/logging_logrus.go:19.132,28.2 1 0
github.com/cloudfoundry-community/splunk-firehose-nozzle/logging/logging_logrus.go:30.40,35.18 3 0
github.com/cloudfoundry-community/splunk-firehose-nozzle/logging/logging_logrus.go:41.2,41.16 1 0
github.com/cloudfoundry-community/splunk-firehose-nozzle/logging/logging_logrus.go:35.18,37.3 1 0
github.com/cloudfoundry-community/splunk-firehose-nozzle/logging/logging_logrus.go:37.3,39.3 1 0
github.com/cloudfoundry-community/splunk-firehose-nozzle/logging/logging_logrus.go:44.88,46.2 1 0
github.com/cloudfoundry-community/splunk-firehose-nozzle/logging/logging_logrus.go:48.64,49.26 1 3
github.com/cloudfoundry-community/splunk-firehose-nozzle/logging/logging_logrus.go:50.14,51.33 1 1
github.com/cloudfoundry-community/splunk-firehose-nozzle/logging/logging_logrus.go:52.10,53.33 1 2
github.com/cloudfoundry-community/splunk-firehose-nozzle/nozzle/config.go:47.77,106.2 30 3
github.com/cloudfoundry-community/splunk-firehose-nozzle/nozzle/nozzle.go:27.68,31.2 1 0
github.com/cloudfoundry-community/splunk-firehose-nozzle/nozzle/nozzle.go:34.130,37.16 3 0
github.com/cloudfoundry-community/splunk-firehose-nozzle/nozzle/nozzle.go:40.2,40.20 1 0
github.com/cloudfoundry-community/splunk-firehose-nozzle/nozzle/nozzle.go:37.16,39.3 1 0
github.com/cloudfoundry-community/splunk-firehose-nozzle/nozzle/nozzle.go:44.70,53.16 3 0
github.com/cloudfoundry-community/splunk-firehose-nozzle/nozzle/nozzle.go:56.2,56.22 1 0
github.com/cloudfoundry-community/splunk-firehose-nozzle/nozzle/nozzle.go:53.16,55.3 1 0
github.com/cloudfoundry-community/splunk-firehose-nozzle/nozzle/nozzle.go:60.93,61.25 1 0
github.com/cloudfoundry-community/splunk-firehose-nozzle/nozzle/nozzle.go:72.2,72.39 1 0
github.com/cloudfoundry-community/splunk-firehose-nozzle/nozzle/nozzle.go:61.25,70.3 2 0
github.com/cloudfoundry-community/splunk-firehose-nozzle/nozzle/nozzle.go:76.88,77.20 1 0
github.com/cloudfoundry-community/splunk-firehose-nozzle/nozzle/nozzle.go:81.2,82.16 2 0
github.com/cloudfoundry-community/splunk-firehose-nozzle/nozzle/nozzle.go:87.2,92.43 4 0
github.com/cloudfoundry-community/splunk-firehose-nozzle/nozzle/nozzle.go:97.2,105.26 3 0
github.com/cloudfoundry-community/splunk-firehose-nozzle/nozzle/nozzle.go:108.2,108.23 1 0
github.com/cloudfoundry-community/splunk-firehose-nozzle/nozzle/nozzle.go:77.20,79.3 1 0
github.com/cloudfoundry-community/splunk-firehose-nozzle/nozzle/nozzle.go:82.16,84.3 1 0
github.com/cloudfoundry-community/splunk-firehose-nozzle/nozzle/nozzle.go:92.43,95.3 2 0
github.com/cloudfoundry-community/splunk-firehose-nozzle/nozzle/nozzle.go:105.26,107.3 1 0
github.com/cloudfoundry-community/splunk-firehose-nozzle/nozzle/nozzle.go:112.96,119.2 6 0
github.com/cloudfoundry-community/splunk-firehose-nozzle/nozzle/nozzle.go:122.141,128.2 2 0
github.com/cloudfoundry-community/splunk-firehose-nozzle/nozzle/nozzle.go:132.63,134.16 2 0
github.com/cloudfoundry-community/splunk-firehose-nozzle/nozzle/nozzle.go:138.2,151.16 4 0
github.com/cloudfoundry-community/splunk-firehose-nozzle/nozzle/nozzle.go:155.2,156.16 2 0
github.com/cloudfoundry-community/splunk-firehose-nozzle/nozzle/nozzle.go:160.2,161.16 2 0
github.com/cloudfoundry-community/splunk-firehose-nozzle/nozzle/nozzle.go:164.2,167.16 3 0
github.com/cloudfoundry-community/splunk-firehose-nozzle/nozzle/nozzle.go:171.2,173.47 3 0
github.com/cloudfoundry-community/splunk-firehose-nozzle/nozzle/nozzle.go:176.2,176.12 1 0
github.com/cloudfoundry-community/splunk-firehose-nozzle/nozzle/nozzle.go:134.16,136.3 1 0
github.com/cloudfoundry-community/splunk-firehose-nozzle/nozzle/nozzle.go:151.16,153.3 1 0
github.com/cloudfoundry-community/splunk-firehose-nozzle/nozzle/nozzle.go:156.16,158.3 1 0
github.com/cloudfoundry-community/splunk-firehose-nozzle/nozzle/nozzle.go:161.16,163.3 1 0
github.com/cloudfoundry-community/splunk-firehose-nozzle/nozzle/nozzle.go:167.16,169.3 1 0
github.com/cloudfoundry-community/splunk-firehose-nozzle/nozzle/nozzle.go:173.47,175.3 1 0
github.com/cloudfoundry-community/splunk-firehose-nozzle/sink/splunk_sink.go:19.106,28.2 2 4
github.com/cloudfoundry-community/splunk-firehose-nozzle/sink/splunk_sink.go:30.51,40.50 2 5
github.com/cloudfoundry-community/splunk-firehose-nozzle/sink/splunk_sink.go:48.2,58.29 2 5
github.com/cloudfoundry-community/splunk-firehose-nozzle/sink/splunk_sink.go:40.50,42.40 2 1
github.com/cloudfoundry-community/splunk-firehose-nozzle/sink/splunk_sink.go:45.3,45.23 1 1
github.com/cloudfoundry-community/splunk-firehose-nozzle/sink/splunk_sink.go:42.40,44.4 1 2
github.com/cloudfoundry-community/splunk-firehose-nozzle/sink/splunk_sink.go:62.48,65.16 3 4
github.com/cloudfoundry-community/splunk-firehose-nozzle/sink/splunk_sink.go:74.2,75.16 2 4
github.com/cloudfoundry-community/splunk-firehose-nozzle/sink/splunk_sink.go:79.2,79.33 1 4
github.com/cloudfoundry-community/splunk-firehose-nozzle/sink/splunk_sink.go:83.2,83.27 1 0
github.com/cloudfoundry-community/splunk-firehose-nozzle/sink/splunk_sink.go:65.16,67.17 2 4
github.com/cloudfoundry-community/splunk-firehose-nozzle/sink/splunk_sink.go:67.17,69.4 1 0
github.com/cloudfoundry-community/splunk-firehose-nozzle/sink/splunk_sink.go:70.3,72.3 1 0
github.com/cloudfoundry-community/splunk-firehose-nozzle/sink/splunk_sink.go:75.16,77.3 1 0
github.com/cloudfoundry-community/splunk-firehose-nozzle/sink/splunk_sink.go:79.33,81.3 1 4
github.com/cloudfoundry-community/splunk-firehose-nozzle/splunk/splunk_client.go:29.160,44.2 4 9
github.com/cloudfoundry-community/splunk-firehose-nozzle/splunk/splunk_client.go:46.68,48.31 2 9
github.com/cloudfoundry-community/splunk-firehose-nozzle/splunk/splunk_client.go:70.2,72.27 2 9
github.com/cloudfoundry-community/splunk-firehose-nozzle/splunk/splunk_client.go:48.31,49.20 1 7
github.com/cloudfoundry-community/splunk-firehose-nozzle/splunk/splunk_client.go:53.3,53.24 1 7
github.com/cloudfoundry-community/splunk-firehose-nozzle/splunk/splunk_client.go:56.3,57.17 2 7
github.com/cloudfoundry-community/splunk-firehose-nozzle/splunk/splunk_client.go:49.20,51.4 1 2
github.com/cloudfoundry-community/splunk-firehose-nozzle/splunk/splunk_client.go:53.24,55.4 1 2
github.com/cloudfoundry-community/splunk-firehose-nozzle/splunk/splunk_client.go:57.17,59.25 2 7
github.com/cloudfoundry-community/splunk-firehose-nozzle/splunk/splunk_client.go:59.25,61.5 1 4
github.com/cloudfoundry-community/splunk-firehose-nozzle/splunk/splunk_client.go:62.4,68.4 1 0
github.com/cloudfoundry-community/splunk-firehose-nozzle/splunk/splunk_client.go:75.53,78.16 3 9
github.com/cloudfoundry-community/splunk-firehose-nozzle/splunk/splunk_client.go:81.2,85.16 4 8
github.com/cloudfoundry-community/splunk-firehose-nozzle/splunk/splunk_client.go:89.2,90.27 2 7
github.com/cloudfoundry-community/splunk-firehose-nozzle/splunk/splunk_client.go:95.2,95.12 1 6
github.com/cloudfoundry-community/splunk-firehose-nozzle/splunk/splunk_client.go:78.16,80.3 1 1
github.com/cloudfoundry-community/splunk-firehose-nozzle/splunk/splunk_client.go:85.16,87.3 1 1
github.com/cloudfoundry-community/splunk-firehose-nozzle/splunk/splunk_client.go:90.27,93.3 2 1
github.com/cloudfoundry-community/splunk-firehose-nozzle/utils/utils.go:10.43,11.17 1 1
github.com/cloudfoundry-community/splunk-firehose-nozzle/utils/utils.go:14.2,17.119 4 1
github.com/cloudfoundry-community/splunk-firehose-nozzle/utils/utils.go:11.17,13.3 1 0
github.com/cloudfoundry-community/splunk-firehose-nozzle/utils/utils.go:20.47,22.31 2 2
github.com/cloudfoundry-community/splunk-firehose-nozzle/utils/utils.go:26.2,26.38 1 2
github.com/cloudfoundry-community/splunk-firehose-nozzle/utils/utils.go:22.31,24.3 1 4
